e:\code\aircraftclass-main\aircraftclass\x64\debug\vc142.pdb
e:\code\aircraftclass-main\aircraftclass\x64\debug\vc142.idb
e:\code\aircraftclass-main\aircraftclass\x64\debug\test.obj
e:\code\aircraftclass-main\aircraftclass\x64\debug\maneuvermodel.obj
e:\code\aircraftclass-main\aircraftclass\x64\debug\fighterjet.obj
e:\code\aircraftclass-main\aircraftclass\x64\debug\euleranglecalculation.obj
e:\code\aircraftclass-main\aircraftclass\x64\debug\aircraftmodellibrary.obj
e:\code\aircraftclass-main\aircraftclass\x64\debug\unifiedmaneuversystem.obj
e:\code\aircraftclass-main\aircraftclass\x64\debug\fightermaneuverexample.obj
e:\code\aircraftclass-main\aircraftclass\x64\debug\simplespeedtest.obj
e:\code\aircraftclass-main\aircraftclass\x64\debug\kinematicmaneuvertest.obj
e:\code\aircraftclass-main\aircraftclass\x64\debug\kinematicmaneuversystem.obj
e:\code\aircraftclass-main\x64\debug\aircraftclass.exe
e:\code\aircraftclass-main\x64\debug\aircraftclass.ilk
e:\code\aircraftclass-main\x64\debug\aircraftclass.pdb
e:\code\aircraftclass-main\aircraftclass\x64\debug\gforcemaneuversystem.obj
e:\code\aircraftclass-main\aircraftclass\x64\debug\simplifiedusageexample.obj
e:\code\aircraftclass-main\aircraftclass\x64\debug\speedtest.obj
e:\code\aircraftclass-main\aircraftclass\x64\debug\aircraftclass.tlog\cl.command.1.tlog
e:\code\aircraftclass-main\aircraftclass\x64\debug\aircraftclass.tlog\cl.read.1.tlog
e:\code\aircraftclass-main\aircraftclass\x64\debug\aircraftclass.tlog\cl.write.1.tlog
e:\code\aircraftclass-main\aircraftclass\x64\debug\aircraftclass.tlog\link.8204-cvtres.read.1.tlog
e:\code\aircraftclass-main\aircraftclass\x64\debug\aircraftclass.tlog\link.8204-cvtres.write.1.tlog
e:\code\aircraftclass-main\aircraftclass\x64\debug\aircraftclass.tlog\link.8204-rc.read.1.tlog
e:\code\aircraftclass-main\aircraftclass\x64\debug\aircraftclass.tlog\link.8204-rc.write.1.tlog
e:\code\aircraftclass-main\aircraftclass\x64\debug\aircraftclass.tlog\link.8204.read.1.tlog
e:\code\aircraftclass-main\aircraftclass\x64\debug\aircraftclass.tlog\link.8204.write.1.tlog
e:\code\aircraftclass-main\aircraftclass\x64\debug\aircraftclass.tlog\link.command.1.tlog
e:\code\aircraftclass-main\aircraftclass\x64\debug\aircraftclass.tlog\link.read.1.tlog
e:\code\aircraftclass-main\aircraftclass\x64\debug\aircraftclass.tlog\link.write.1.tlog
