  ManeuverModel.cpp
E:\Code\AircraftClass\AircraftClass\AircraftModelLibrary.h : warning C4819: 该文件包含不能在当前代码页(936)中表示的字符。请将该文件保存为 Unicode 格式以防止数据丢失
E:\Code\AircraftClass\AircraftClass\AircraftModelLibrary.h(42): error C2614: “AttitudeAngles”: 非法的成员初始化:“roll”不是基或成员
E:\Code\AircraftClass\AircraftClass\AircraftModelLibrary.h(45): error C2065: “roll”: 未声明的标识符
E:\Code\AircraftClass\AircraftClass\AircraftModelLibrary.h(49): error C2065: “roll”: 未声明的标识符
E:\Code\AircraftClass\AircraftClass\AircraftModelLibrary.h(71): error C2059: 语法错误:“public”
E:\Code\AircraftClass\AircraftClass\AircraftModelLibrary.h(74): error C2059: 语法错误:“const”
E:\Code\AircraftClass\AircraftClass\AircraftModelLibrary.h(75): error C2588: “::~Aircraft”: 非法的全局 析构函数
E:\Code\AircraftClass\AircraftClass\AircraftModelLibrary.h(75): error C2575: “Aircraft”: 只有成员函数和基可以是虚拟的
E:\Code\AircraftClass\AircraftClass\AircraftModelLibrary.h(75): error C4430: 缺少类型说明符 - 假定为 int。注意: C++ 不支持默认 int
E:\Code\AircraftClass\AircraftClass\AircraftModelLibrary.h(78): error C2270: “getType”: 非成员函数上不允许修饰符
E:\Code\AircraftClass\AircraftClass\AircraftModelLibrary.h(78): error C2065: “type”: 未声明的标识符
E:\Code\AircraftClass\AircraftClass\AircraftModelLibrary.h(80): error C2270: “getModel”: 非成员函数上不允许修饰符
E:\Code\AircraftClass\AircraftClass\AircraftModelLibrary.h(80): error C2065: “model”: 未声明的标识符
E:\Code\AircraftClass\AircraftClass\AircraftModelLibrary.h(87): error C2575: “updateKinematics”: 只有成员函数和基可以是虚拟的
E:\Code\AircraftClass\AircraftClass\AircraftModelLibrary.h(90): error C2270: “computeAcceleration”: 非成员函数上不允许修饰符
E:\Code\AircraftClass\AircraftClass\AircraftModelLibrary.h(90): error C2059: 语法错误:“常数”
E:\Code\AircraftClass\AircraftClass\AircraftModelLibrary.h(104): error C2270: “getManeuverParameters”: 非成员函数上不允许修饰符
E:\Code\AircraftClass\AircraftClass\AircraftModelLibrary.h(104): error C2065: “maneuverParams”: 未声明的标识符
E:\Code\AircraftClass\AircraftClass\AircraftModelLibrary.h(107): error C2270: “getPerformance”: 非成员函数上不允许修饰符
E:\Code\AircraftClass\AircraftClass\AircraftModelLibrary.h(107): error C2065: “performance”: 未声明的标识符
E:\Code\AircraftClass\AircraftClass\AircraftModelLibrary.h(115): error C2270: “getLocalNUEPosition”: 非成员函数上不允许修饰符
E:\Code\AircraftClass\AircraftClass\AircraftModelLibrary.h(118): error C2270: “getBearingFromReference”: 非成员函数上不允许修饰符
E:\Code\AircraftClass\AircraftClass\AircraftModelLibrary.h(122): error C2065: “modules”: 未声明的标识符
E:\Code\AircraftClass\AircraftClass\AircraftModelLibrary.h(125): error C2270: “getModule”: 非成员函数上不允许修饰符
E:\Code\AircraftClass\AircraftClass\AircraftModelLibrary.h(126): error C3861: “modules”: 找不到标识符
E:\Code\AircraftClass\AircraftClass\AircraftModelLibrary.h(133): error C2065: “modules”: 未声明的标识符
E:\Code\AircraftClass\AircraftClass\AircraftModelLibrary.h(133): error C3312: 未找到可调用的“begin”函数(针对类型“unknown-type”)
E:\Code\AircraftClass\AircraftClass\AircraftModelLibrary.h(133): error C3312: 未找到可调用的“end”函数(针对类型“unknown-type”)
E:\Code\AircraftClass\AircraftClass\AircraftModelLibrary.h(134): error C2065: “m”: 未声明的标识符
E:\Code\AircraftClass\AircraftClass\AircraftModelLibrary.h(134): error C2355: “this”: 只能在非静态成员函数或非静态数据成员初始值设定项的内部引用
E:\Code\AircraftClass\AircraftClass\AircraftModelLibrary.h(138): error C2059: 语法错误:“protected”
E:\Code\AircraftClass\AircraftClass\AircraftModelLibrary.h(151): error C2059: 语法错误:“}”
E:\Code\AircraftClass\AircraftClass\AircraftModelLibrary.h(151): error C2143: 语法错误: 缺少“;”(在“}”的前面)
E:\Code\AircraftClass\AircraftClass\AircraftModelLibrary.h(156): fatal error C1070: 文件“E:\Code\AircraftClass\AircraftClass\AircraftModelLibrary.h”中的 #if/#endif 对不匹配
